# JRE version: Java(TM) SE Runtime Environment (8.0_181-b13) (build 1.8.0_181-b13)
# Java VM: Java HotSpot(TM) 64-Bit Server VM (25.181-b13 mixed mode windows-amd64 compressed oops)
Heap:
 PSYoungGen      total 136192K, used 136176K [0x00000000d6700000, 0x00000000e5a80000, 0x0000000100000000)
  eden space 131072K, 100% used [0x00000000d6700000,0x00000000de700000,0x00000000de700000)
  from space 5120K, 99% used [0x00000000de700000,0x00000000debfc328,0x00000000dec00000)
  to   space 10752K, 78% used [0x00000000e5000000,0x00000000e5848020,0x00000000e5a80000)
 ParOldGen       total 55808K, used 11125K [0x0000000083400000, 0x0000000086a80000, 0x00000000d6700000)
  object space 55808K, 19% used [0x0000000083400000,0x0000000083edd7e0,0x0000000086a80000)
 Metaspace       used 28891K, capacity 30062K, committed 30080K, reserved 1075200K
  class space    used 3928K, capacity 4206K, committed 4224K, reserved 1048576K
GC Heap History (10 events):
Event: 3.027 GC heap after
Heap after GC invocations=2 (full 0):
 PSYoungGen      total 70656K, used 5109K [0x00000000d6700000, 0x00000000db100000, 0x0000000100000000)
  eden space 65536K, 0% used [0x00000000d6700000,0x00000000d6700000,0x00000000da700000)
  from space 5120K, 99% used [0x00000000dac00000,0x00000000db0fd568,0x00000000db100000)
  to   space 5120K, 0% used [0x00000000da700000,0x00000000da700000,0x00000000dac00000)
 ParOldGen       total 86016K, used 656K [0x0000000083400000, 0x0000000088800000, 0x00000000d6700000)
  object space 86016K, 0% used [0x0000000083400000,0x00000000834a4150,0x0000000088800000)
 Metaspace       used 14288K, capacity 14748K, committed 15104K, reserved 1062912K
  class space    used 1829K, capacity 1959K, committed 2048K, reserved 1048576K
}
Event: 3.848 GC heap before
{Heap before GC invocations=3 (full 0):
 PSYoungGen      total 70656K, used 70645K [0x00000000d6700000, 0x00000000db100000, 0x0000000100000000)
  eden space 65536K, 100% used [0x00000000d6700000,0x00000000da700000,0x00000000da700000)
  from space 5120K, 99% used [0x00000000dac00000,0x00000000db0fd568,0x00000000db100000)
  to   space 5120K, 0% used [0x00000000da700000,0x00000000da700000,0x00000000dac00000)
 ParOldGen       total 86016K, used 656K [0x0000000083400000, 0x0000000088800000, 0x00000000d6700000)
  object space 86016K, 0% used [0x0000000083400000,0x00000000834a4150,0x0000000088800000)
 Metaspace       used 18913K, capacity 19538K, committed 19712K, reserved 1067008K
  class space    used 2551K, capacity 2744K, committed 2816K, reserved 1048576K
Event: 3.973 GC heap after
Heap after GC invocations=3 (full 0):
 PSYoungGen      total 70656K, used 5117K [0x00000000d6700000, 0x00000000df100000, 0x0000000100000000)
  eden space 65536K, 0% used [0x00000000d6700000,0x00000000d6700000,0x00000000da700000)
  from space 5120K, 99% used [0x00000000da700000,0x00000000dabff560,0x00000000dac00000)
  to   space 5120K, 0% used [0x00000000dec00000,0x00000000dec00000,0x00000000df100000)
 ParOldGen       total 86016K, used 4971K [0x0000000083400000, 0x0000000088800000, 0x00000000d6700000)
  object space 86016K, 5% used [0x0000000083400000,0x00000000838daf20,0x0000000088800000)
 Metaspace       used 18913K, capacity 19538K, committed 19712K, reserved 1067008K
  class space    used 2551K, capacity 2744K, committed 2816K, reserved 1048576K
}
Event: 4.346 GC heap before
{Heap before GC invocations=4 (full 0):
 PSYoungGen      total 70656K, used 33533K [0x00000000d6700000, 0x00000000df100000, 0x0000000100000000)
  eden space 65536K, 43% used [0x00000000d6700000,0x00000000d82bff30,0x00000000da700000)
  from space 5120K, 99% used [0x00000000da700000,0x00000000dabff560,0x00000000dac00000)
  to   space 5120K, 0% used [0x00000000dec00000,0x00000000dec00000,0x00000000df100000)
 ParOldGen       total 86016K, used 4971K [0x0000000083400000, 0x0000000088800000, 0x00000000d6700000)
  object space 86016K, 5% used [0x0000000083400000,0x00000000838daf20,0x0000000088800000)
 Metaspace       used 20636K, capacity 21262K, committed 21296K, reserved 1067008K
  class space    used 2759K, capacity 2936K, committed 2944K, reserved 1048576K
Event: 4.358 GC heap after
Heap after GC invocations=4 (full 0):
 PSYoungGen      total 136192K, used 5092K [0x00000000d6700000, 0x00000000df100000, 0x0000000100000000)
  eden space 131072K, 0% used [0x00000000d6700000,0x00000000d6700000,0x00000000de700000)
  from space 5120K, 99% used [0x00000000dec00000,0x00000000df0f9198,0x00000000df100000)
  to   space 5120K, 0% used [0x00000000de700000,0x00000000de700000,0x00000000dec00000)
 ParOldGen       total 86016K, used 7532K [0x0000000083400000, 0x0000000088800000, 0x00000000d6700000)
  object space 86016K, 8% used [0x0000000083400000,0x0000000083b5b030,0x0000000088800000)
 Metaspace       used 20636K, capacity 21262K, committed 21296K, reserved 1067008K
  class space    used 2759K, capacity 2936K, committed 2944K, reserved 1048576K
}
Event: 4.358 GC heap before
{Heap before GC invocations=5 (full 1):
 PSYoungGen      total 136192K, used 5092K [0x00000000d6700000, 0x00000000df100000, 0x0000000100000000)
  eden space 131072K, 0% used [0x00000000d6700000,0x00000000d6700000,0x00000000de700000)
  from space 5120K, 99% used [0x00000000dec00000,0x00000000df0f9198,0x00000000df100000)
  to   space 5120K, 0% used [0x00000000de700000,0x00000000de700000,0x00000000dec00000)
 ParOldGen       total 86016K, used 7532K [0x0000000083400000, 0x0000000088800000, 0x00000000d6700000)
  object space 86016K, 8% used [0x0000000083400000,0x0000000083b5b030,0x0000000088800000)
 Metaspace       used 20636K, capacity 21262K, committed 21296K, reserved 1067008K
  class space    used 2759K, capacity 2936K, committed 2944K, reserved 1048576K
Event: 4.456 GC heap after
Heap after GC invocations=5 (full 1):
 PSYoungGen      total 136192K, used 0K [0x00000000d6700000, 0x00000000df100000, 0x0000000100000000)
  eden space 131072K, 0% used [0x00000000d6700000,0x00000000d6700000,0x00000000de700000)
  from space 5120K, 0% used [0x00000000dec00000,0x00000000dec00000,0x00000000df100000)
  to   space 5120K, 0% used [0x00000000de700000,0x00000000de700000,0x00000000dec00000)
 ParOldGen       total 55808K, used 7875K [0x0000000083400000, 0x0000000086a80000, 0x00000000d6700000)
  object space 55808K, 14% used [0x0000000083400000,0x0000000083bb0fb8,0x0000000086a80000)
 Metaspace       used 20636K, capacity 21262K, committed 21296K, reserved 1067008K
  class space    used 2759K, capacity 2936K, committed 2944K, reserved 1048576K
}
Event: 7.099 GC heap before
{Heap before GC invocations=6 (full 1):
 PSYoungGen      total 136192K, used 131072K [0x00000000d6700000, 0x00000000df100000, 0x0000000100000000)
  eden space 131072K, 100% used [0x00000000d6700000,0x00000000de700000,0x00000000de700000)
  from space 5120K, 0% used [0x00000000dec00000,0x00000000dec00000,0x00000000df100000)
  to   space 5120K, 0% used [0x00000000de700000,0x00000000de700000,0x00000000dec00000)
 ParOldGen       total 55808K, used 7875K [0x0000000083400000, 0x0000000086a80000, 0x00000000d6700000)
  object space 55808K, 14% used [0x0000000083400000,0x0000000083bb0fb8,0x0000000086a80000)
 Metaspace       used 24262K, capacity 25160K, committed 25344K, reserved 1071104K
  class space    used 3242K, capacity 3469K, committed 3584K, reserved 1048576K
Event: 7.385 GC heap after
Heap after GC invocations=6 (full 1):
 PSYoungGen      total 136192K, used 5104K [0x00000000d6700000, 0x00000000e5a80000, 0x0000000100000000)
  eden space 131072K, 0% used [0x00000000d6700000,0x00000000d6700000,0x00000000de700000)
  from space 5120K, 99% used [0x00000000de700000,0x00000000debfc328,0x00000000dec00000)
  to   space 10752K, 0% used [0x00000000e5000000,0x00000000e5000000,0x00000000e5a80000)
 ParOldGen       total 55808K, used 11117K [0x0000000083400000, 0x0000000086a80000, 0x00000000d6700000)
  object space 55808K, 19% used [0x0000000083400000,0x0000000083edb7e0,0x0000000086a80000)
 Metaspace       used 24262K, capacity 25160K, committed 25344K, reserved 1071104K
  class space    used 3242K, capacity 3469K, committed 3584K, reserved 1048576K
}
Event: 10.171 GC heap before
{Heap before GC invocations=7 (full 1):
 PSYoungGen      total 136192K, used 136176K [0x00000000d6700000, 0x00000000e5a80000, 0x0000000100000000)
  eden space 131072K, 100% used [0x00000000d6700000,0x00000000de700000,0x00000000de700000)
  from space 5120K, 99% used [0x00000000de700000,0x00000000debfc328,0x00000000dec00000)
  to   space 10752K, 0% used [0x00000000e5000000,0x00000000e5000000,0x00000000e5a80000)
 ParOldGen       total 55808K, used 11117K [0x0000000083400000, 0x0000000086a80000, 0x00000000d6700000)
  object space 55808K, 19% used [0x0000000083400000,0x0000000083edb7e0,0x0000000086a80000)
 Metaspace       used 28891K, capacity 30062K, committed 30080K, reserved 1075200K
  class space    used 3928K, capacity 4206K, committed 4224K, reserved 1048576K

