# JRE version: Java(TM) SE Runtime Environment (8.0_181-b13) (build 1.8.0_181-b13)
# Java VM: Java HotSpot(TM) 64-Bit Server VM (25.181-b13 mixed mode windows-amd64 compressed oops)
Heap:
 PSYoungGen      total 402432K, used 17395K [0x00000000d6700000, 0x00000000fde00000, 0x0000000100000000)
  eden space 385024K, 0% used [0x00000000d6700000,0x00000000d6700000,0x00000000edf00000)
  from space 17408K, 99% used [0x00000000edf00000,0x00000000eeffce98,0x00000000ef000000)
  to   space 24064K, 0% used [0x00000000fc680000,0x00000000fc680000,0x00000000fde00000)
 ParOldGen       total 65536K, used 35179K [0x0000000083400000, 0x0000000087400000, 0x00000000d6700000)
  object space 65536K, 53% used [0x0000000083400000,0x000000008565afd8,0x0000000087400000)
 Metaspace       used 56283K, capacity 58888K, committed 59136K, reserved 1099776K
  class space    used 7684K, capacity 8163K, committed 8192K, reserved 1048576K
GC Heap History (10 events):
Event: 31.763 GC heap after
Heap after GC invocations=9 (full 1):
 PSYoungGen      total 255488K, used 9714K [0x00000000d6700000, 0x00000000e7d00000, 0x0000000100000000)
  eden space 245760K, 0% used [0x00000000d6700000,0x00000000d6700000,0x00000000e5700000)
  from space 9728K, 99% used [0x00000000e6580000,0x00000000e6efc8b0,0x00000000e6f00000)
  to   space 14848K, 0% used [0x00000000e5700000,0x00000000e5700000,0x00000000e6580000)
 ParOldGen       total 43520K, used 17952K [0x0000000083400000, 0x0000000085e80000, 0x00000000d6700000)
  object space 43520K, 41% used [0x0000000083400000,0x00000000845882e8,0x0000000085e80000)
 Metaspace       used 31446K, capacity 32950K, committed 33280K, reserved 1077248K
  class space    used 4274K, capacity 4570K, committed 4608K, reserved 1048576K
}
Event: 33.139 GC heap before
{Heap before GC invocations=10 (full 1):
 PSYoungGen      total 255488K, used 61243K [0x00000000d6700000, 0x00000000e7d00000, 0x0000000100000000)
  eden space 245760K, 20% used [0x00000000d6700000,0x00000000d9952490,0x00000000e5700000)
  from space 9728K, 99% used [0x00000000e6580000,0x00000000e6efc8b0,0x00000000e6f00000)
  to   space 14848K, 0% used [0x00000000e5700000,0x00000000e5700000,0x00000000e6580000)
 ParOldGen       total 43520K, used 17952K [0x0000000083400000, 0x0000000085e80000, 0x00000000d6700000)
  object space 43520K, 41% used [0x0000000083400000,0x00000000845882e8,0x0000000085e80000)
 Metaspace       used 33886K, capacity 35444K, committed 35496K, reserved 1079296K
  class space    used 4561K, capacity 4859K, committed 4864K, reserved 1048576K
Event: 33.585 GC heap after
Heap after GC invocations=10 (full 1):
 PSYoungGen      total 260608K, used 11188K [0x00000000d6700000, 0x00000000f0100000, 0x0000000100000000)
  eden space 245760K, 0% used [0x00000000d6700000,0x00000000d6700000,0x00000000e5700000)
  from space 14848K, 75% used [0x00000000e5700000,0x00000000e61ed0b0,0x00000000e6580000)
  to   space 15360K, 0% used [0x00000000ef200000,0x00000000ef200000,0x00000000f0100000)
 ParOldGen       total 43520K, used 19432K [0x0000000083400000, 0x0000000085e80000, 0x00000000d6700000)
  object space 43520K, 44% used [0x0000000083400000,0x00000000846fa328,0x0000000085e80000)
 Metaspace       used 33886K, capacity 35444K, committed 35496K, reserved 1079296K
  class space    used 4561K, capacity 4859K, committed 4864K, reserved 1048576K
}
Event: 33.585 GC heap before
{Heap before GC invocations=11 (full 2):
 PSYoungGen      total 260608K, used 11188K [0x00000000d6700000, 0x00000000f0100000, 0x0000000100000000)
  eden space 245760K, 0% used [0x00000000d6700000,0x00000000d6700000,0x00000000e5700000)
  from space 14848K, 75% used [0x00000000e5700000,0x00000000e61ed0b0,0x00000000e6580000)
  to   space 15360K, 0% used [0x00000000ef200000,0x00000000ef200000,0x00000000f0100000)
 ParOldGen       total 43520K, used 19432K [0x0000000083400000, 0x0000000085e80000, 0x00000000d6700000)
  object space 43520K, 44% used [0x0000000083400000,0x00000000846fa328,0x0000000085e80000)
 Metaspace       used 33886K, capacity 35444K, committed 35496K, reserved 1079296K
  class space    used 4561K, capacity 4859K, committed 4864K, reserved 1048576K
Event: 33.821 GC heap after
Heap after GC invocations=11 (full 2):
 PSYoungGen      total 260608K, used 0K [0x00000000d6700000, 0x00000000f0100000, 0x0000000100000000)
  eden space 245760K, 0% used [0x00000000d6700000,0x00000000d6700000,0x00000000e5700000)
  from space 14848K, 0% used [0x00000000e5700000,0x00000000e5700000,0x00000000e6580000)
  to   space 15360K, 0% used [0x00000000ef200000,0x00000000ef200000,0x00000000f0100000)
 ParOldGen       total 65536K, used 22895K [0x0000000083400000, 0x0000000087400000, 0x00000000d6700000)
  object space 65536K, 34% used [0x0000000083400000,0x0000000084a5bef0,0x0000000087400000)
 Metaspace       used 33886K, capacity 35444K, committed 35496K, reserved 1079296K
  class space    used 4561K, capacity 4859K, committed 4864K, reserved 1048576K
}
Event: 39.950 GC heap before
{Heap before GC invocations=12 (full 2):
 PSYoungGen      total 260608K, used 245760K [0x00000000d6700000, 0x00000000f0100000, 0x0000000100000000)
  eden space 245760K, 100% used [0x00000000d6700000,0x00000000e5700000,0x00000000e5700000)
  from space 14848K, 0% used [0x00000000e5700000,0x00000000e5700000,0x00000000e6580000)
  to   space 15360K, 0% used [0x00000000ef200000,0x00000000ef200000,0x00000000f0100000)
 ParOldGen       total 65536K, used 22895K [0x0000000083400000, 0x0000000087400000, 0x00000000d6700000)
  object space 65536K, 34% used [0x0000000083400000,0x0000000084a5bef0,0x0000000087400000)
 Metaspace       used 45908K, capacity 47688K, committed 48000K, reserved 1091584K
  class space    used 6330K, capacity 6681K, committed 6784K, reserved 1048576K
Event: 40.063 GC heap after
Heap after GC invocations=12 (full 2):
 PSYoungGen      total 399872K, used 15330K [0x00000000d6700000, 0x00000000f0100000, 0x0000000100000000)
  eden space 384512K, 0% used [0x00000000d6700000,0x00000000d6700000,0x00000000ede80000)
  from space 15360K, 99% used [0x00000000ef200000,0x00000000f00f8918,0x00000000f0100000)
  to   space 17408K, 0% used [0x00000000edf00000,0x00000000edf00000,0x00000000ef000000)
 ParOldGen       total 65536K, used 23117K [0x0000000083400000, 0x0000000087400000, 0x00000000d6700000)
  object space 65536K, 35% used [0x0000000083400000,0x0000000084a93630,0x0000000087400000)
 Metaspace       used 45908K, capacity 47688K, committed 48000K, reserved 1091584K
  class space    used 6330K, capacity 6681K, committed 6784K, reserved 1048576K
}
Event: 47.317 GC heap before
{Heap before GC invocations=13 (full 2):
 PSYoungGen      total 399872K, used 390974K [0x00000000d6700000, 0x00000000f0100000, 0x0000000100000000)
  eden space 384512K, 97% used [0x00000000d6700000,0x00000000ed5d70c0,0x00000000ede80000)
  from space 15360K, 99% used [0x00000000ef200000,0x00000000f00f8918,0x00000000f0100000)
  to   space 17408K, 0% used [0x00000000edf00000,0x00000000edf00000,0x00000000ef000000)
 ParOldGen       total 65536K, used 23117K [0x0000000083400000, 0x0000000087400000, 0x00000000d6700000)
  object space 65536K, 35% used [0x0000000083400000,0x0000000084a93630,0x0000000087400000)
 Metaspace       used 56283K, capacity 58888K, committed 59136K, reserved 1099776K
  class space    used 7684K, capacity 8163K, committed 8192K, reserved 1048576K
Event: 47.393 GC heap after
Heap after GC invocations=13 (full 2):
 PSYoungGen      total 402432K, used 17395K [0x00000000d6700000, 0x00000000fde00000, 0x0000000100000000)
  eden space 385024K, 0% used [0x00000000d6700000,0x00000000d6700000,0x00000000edf00000)
  from space 17408K, 99% used [0x00000000edf00000,0x00000000eeffce98,0x00000000ef000000)
  to   space 24064K, 0% used [0x00000000fc680000,0x00000000fc680000,0x00000000fde00000)
 ParOldGen       total 65536K, used 35179K [0x0000000083400000, 0x0000000087400000, 0x00000000d6700000)
  object space 65536K, 53% used [0x0000000083400000,0x000000008565afd8,0x0000000087400000)
 Metaspace       used 56283K, capacity 58888K, committed 59136K, reserved 1099776K
  class space    used 7684K, capacity 8163K, committed 8192K, reserved 1048576K
}
Event: 47.393 GC heap before
{Heap before GC invocations=14 (full 3):
 PSYoungGen      total 402432K, used 17395K [0x00000000d6700000, 0x00000000fde00000, 0x0000000100000000)
  eden space 385024K, 0% used [0x00000000d6700000,0x00000000d6700000,0x00000000edf00000)
  from space 17408K, 99% used [0x00000000edf00000,0x00000000eeffce98,0x00000000ef000000)
  to   space 24064K, 0% used [0x00000000fc680000,0x00000000fc680000,0x00000000fde00000)
 ParOldGen       total 65536K, used 35179K [0x0000000083400000, 0x0000000087400000, 0x00000000d6700000)
  object space 65536K, 53% used [0x0000000083400000,0x000000008565afd8,0x0000000087400000)
 Metaspace       used 56283K, capacity 58888K, committed 59136K, reserved 1099776K
  class space    used 7684K, capacity 8163K, committed 8192K, reserved 1048576K

