# JRE version: Java(TM) SE Runtime Environment (8.0_181-b13) (build 1.8.0_181-b13)
# Java VM: Java HotSpot(TM) 64-Bit Server VM (25.181-b13 mixed mode windows-amd64 compressed oops)
Heap:
 PSYoungGen      total 197632K, used 120695K [0x00000000d6700000, 0x00000000e3900000, 0x0000000100000000)
  eden space 187392K, 58% used [0x00000000d6700000,0x00000000dd2df0b8,0x00000000e1e00000)
  from space 10240K, 99% used [0x00000000e2f00000,0x00000000e38fec50,0x00000000e3900000)
  to   space 13824K, 99% used [0x00000000e1e00000,0x00000000e2b7e590,0x00000000e2b80000)
 ParOldGen       total 57856K, used 33269K [0x0000000083400000, 0x0000000086c80000, 0x00000000d6700000)
  object space 57856K, 57% used [0x0000000083400000,0x000000008547d440,0x0000000086c80000)
 Metaspace       used 33886K, capacity 35432K, committed 35496K, reserved 1079296K
  class space    used 4568K, capacity 4859K, committed 4864K, reserved 1048576K
GC Heap History (10 events):
Event: 4.331 GC heap after
Heap after GC invocations=3 (full 0):
 PSYoungGen      total 70656K, used 5090K [0x00000000d6700000, 0x00000000df100000, 0x0000000100000000)
  eden space 65536K, 0% used [0x00000000d6700000,0x00000000d6700000,0x00000000da700000)
  from space 5120K, 99% used [0x00000000da700000,0x00000000dabf8a40,0x00000000dac00000)
  to   space 5120K, 0% used [0x00000000dec00000,0x00000000dec00000,0x00000000df100000)
 ParOldGen       total 86016K, used 4782K [0x0000000083400000, 0x0000000088800000, 0x00000000d6700000)
  object space 86016K, 5% used [0x0000000083400000,0x00000000838abb18,0x0000000088800000)
 Metaspace       used 18963K, capacity 19574K, committed 19968K, reserved 1067008K
  class space    used 2541K, capacity 2698K, committed 2816K, reserved 1048576K
}
Event: 4.816 GC heap before
{Heap before GC invocations=4 (full 0):
 PSYoungGen      total 70656K, used 22093K [0x00000000d6700000, 0x00000000df100000, 0x0000000100000000)
  eden space 65536K, 25% used [0x00000000d6700000,0x00000000d779aac0,0x00000000da700000)
  from space 5120K, 99% used [0x00000000da700000,0x00000000dabf8a40,0x00000000dac00000)
  to   space 5120K, 0% used [0x00000000dec00000,0x00000000dec00000,0x00000000df100000)
 ParOldGen       total 86016K, used 4782K [0x0000000083400000, 0x0000000088800000, 0x00000000d6700000)
  object space 86016K, 5% used [0x0000000083400000,0x00000000838abb18,0x0000000088800000)
 Metaspace       used 20518K, capacity 21156K, committed 21296K, reserved 1067008K
  class space    used 2752K, capacity 2929K, committed 2944K, reserved 1048576K
Event: 5.004 GC heap after
Heap after GC invocations=4 (full 0):
 PSYoungGen      total 136192K, used 5106K [0x00000000d6700000, 0x00000000df100000, 0x0000000100000000)
  eden space 131072K, 0% used [0x00000000d6700000,0x00000000d6700000,0x00000000de700000)
  from space 5120K, 99% used [0x00000000dec00000,0x00000000df0fca50,0x00000000df100000)
  to   space 5120K, 0% used [0x00000000de700000,0x00000000de700000,0x00000000dec00000)
 ParOldGen       total 86016K, used 5976K [0x0000000083400000, 0x0000000088800000, 0x00000000d6700000)
  object space 86016K, 6% used [0x0000000083400000,0x00000000839d6248,0x0000000088800000)
 Metaspace       used 20518K, capacity 21156K, committed 21296K, reserved 1067008K
  class space    used 2752K, capacity 2929K, committed 2944K, reserved 1048576K
}
Event: 5.004 GC heap before
{Heap before GC invocations=5 (full 1):
 PSYoungGen      total 136192K, used 5106K [0x00000000d6700000, 0x00000000df100000, 0x0000000100000000)
  eden space 131072K, 0% used [0x00000000d6700000,0x00000000d6700000,0x00000000de700000)
  from space 5120K, 99% used [0x00000000dec00000,0x00000000df0fca50,0x00000000df100000)
  to   space 5120K, 0% used [0x00000000de700000,0x00000000de700000,0x00000000dec00000)
 ParOldGen       total 86016K, used 5976K [0x0000000083400000, 0x0000000088800000, 0x00000000d6700000)
  object space 86016K, 6% used [0x0000000083400000,0x00000000839d6248,0x0000000088800000)
 Metaspace       used 20518K, capacity 21156K, committed 21296K, reserved 1067008K
  class space    used 2752K, capacity 2929K, committed 2944K, reserved 1048576K
Event: 5.379 GC heap after
Heap after GC invocations=5 (full 1):
 PSYoungGen      total 136192K, used 0K [0x00000000d6700000, 0x00000000df100000, 0x0000000100000000)
  eden space 131072K, 0% used [0x00000000d6700000,0x00000000d6700000,0x00000000de700000)
  from space 5120K, 0% used [0x00000000dec00000,0x00000000dec00000,0x00000000df100000)
  to   space 5120K, 0% used [0x00000000de700000,0x00000000de700000,0x00000000dec00000)
 ParOldGen       total 57856K, used 6215K [0x0000000083400000, 0x0000000086c80000, 0x00000000d6700000)
  object space 57856K, 10% used [0x0000000083400000,0x0000000083a11e68,0x0000000086c80000)
 Metaspace       used 20518K, capacity 21156K, committed 21296K, reserved 1067008K
  class space    used 2752K, capacity 2929K, committed 2944K, reserved 1048576K
}
Event: 7.429 GC heap before
{Heap before GC invocations=6 (full 1):
 PSYoungGen      total 136192K, used 131072K [0x00000000d6700000, 0x00000000df100000, 0x0000000100000000)
  eden space 131072K, 100% used [0x00000000d6700000,0x00000000de700000,0x00000000de700000)
  from space 5120K, 0% used [0x00000000dec00000,0x00000000dec00000,0x00000000df100000)
  to   space 5120K, 0% used [0x00000000de700000,0x00000000de700000,0x00000000dec00000)
 ParOldGen       total 57856K, used 6215K [0x0000000083400000, 0x0000000086c80000, 0x00000000d6700000)
  object space 57856K, 10% used [0x0000000083400000,0x0000000083a11e68,0x0000000086c80000)
 Metaspace       used 23860K, capacity 24700K, committed 24960K, reserved 1071104K
  class space    used 3204K, capacity 3391K, committed 3456K, reserved 1048576K
Event: 7.445 GC heap after
Heap after GC invocations=6 (full 1):
 PSYoungGen      total 136192K, used 5088K [0x00000000d6700000, 0x00000000e3900000, 0x0000000100000000)
  eden space 131072K, 0% used [0x00000000d6700000,0x00000000d6700000,0x00000000de700000)
  from space 5120K, 99% used [0x00000000de700000,0x00000000debf8328,0x00000000dec00000)
  to   space 10240K, 0% used [0x00000000e2f00000,0x00000000e2f00000,0x00000000e3900000)
 ParOldGen       total 57856K, used 9889K [0x0000000083400000, 0x0000000086c80000, 0x00000000d6700000)
  object space 57856K, 17% used [0x0000000083400000,0x0000000083da87e0,0x0000000086c80000)
 Metaspace       used 23860K, capacity 24700K, committed 24960K, reserved 1071104K
  class space    used 3204K, capacity 3391K, committed 3456K, reserved 1048576K
}
Event: 9.714 GC heap before
{Heap before GC invocations=7 (full 1):
 PSYoungGen      total 136192K, used 136160K [0x00000000d6700000, 0x00000000e3900000, 0x0000000100000000)
  eden space 131072K, 100% used [0x00000000d6700000,0x00000000de700000,0x00000000de700000)
  from space 5120K, 99% used [0x00000000de700000,0x00000000debf8328,0x00000000dec00000)
  to   space 10240K, 0% used [0x00000000e2f00000,0x00000000e2f00000,0x00000000e3900000)
 ParOldGen       total 57856K, used 9889K [0x0000000083400000, 0x0000000086c80000, 0x00000000d6700000)
  object space 57856K, 17% used [0x0000000083400000,0x0000000083da87e0,0x0000000086c80000)
 Metaspace       used 29060K, capacity 30538K, committed 30720K, reserved 1075200K
  class space    used 4003K, capacity 4298K, committed 4352K, reserved 1048576K
Event: 9.746 GC heap after
Heap after GC invocations=7 (full 1):
 PSYoungGen      total 197632K, used 10235K [0x00000000d6700000, 0x00000000e3900000, 0x0000000100000000)
  eden space 187392K, 0% used [0x00000000d6700000,0x00000000d6700000,0x00000000e1e00000)
  from space 10240K, 99% used [0x00000000e2f00000,0x00000000e38fec50,0x00000000e3900000)
  to   space 13824K, 0% used [0x00000000e1e00000,0x00000000e1e00000,0x00000000e2b80000)
 ParOldGen       total 57856K, used 13378K [0x0000000083400000, 0x0000000086c80000, 0x00000000d6700000)
  object space 57856K, 23% used [0x0000000083400000,0x0000000084110bd8,0x0000000086c80000)
 Metaspace       used 29060K, capacity 30538K, committed 30720K, reserved 1075200K
  class space    used 4003K, capacity 4298K, committed 4352K, reserved 1048576K
}
Event: 10.955 GC heap before
{Heap before GC invocations=8 (full 1):
 PSYoungGen      total 197632K, used 120695K [0x00000000d6700000, 0x00000000e3900000, 0x0000000100000000)
  eden space 187392K, 58% used [0x00000000d6700000,0x00000000dd2df0b8,0x00000000e1e00000)
  from space 10240K, 99% used [0x00000000e2f00000,0x00000000e38fec50,0x00000000e3900000)
  to   space 13824K, 0% used [0x00000000e1e00000,0x00000000e1e00000,0x00000000e2b80000)
 ParOldGen       total 57856K, used 13378K [0x0000000083400000, 0x0000000086c80000, 0x00000000d6700000)
  object space 57856K, 23% used [0x0000000083400000,0x0000000084110bd8,0x0000000086c80000)
 Metaspace       used 33886K, capacity 35432K, committed 35496K, reserved 1079296K
  class space    used 4568K, capacity 4859K, committed 4864K, reserved 1048576K

