# JRE version: Java(TM) SE Runtime Environment (8.0_181-b13) (build 1.8.0_181-b13)
# Java VM: Java HotSpot(TM) 64-Bit Server VM (25.181-b13 mixed mode windows-amd64 compressed oops)
Heap:
 PSYoungGen      total 137216K, used 12679K [0x00000000d6700000, 0x00000000e3580000, 0x0000000100000000)
  eden space 121344K, 0% used [0x00000000d6700000,0x00000000d6700000,0x00000000ddd80000)
  from space 15872K, 79% used [0x00000000ddd80000,0x00000000de9e1c30,0x00000000ded00000)
  to   space 16896K, 0% used [0x00000000e2500000,0x00000000e2500000,0x00000000e3580000)
 ParOldGen       total 67072K, used 20240K [0x0000000083400000, 0x0000000087580000, 0x00000000d6700000)
  object space 67072K, 30% used [0x0000000083400000,0x00000000847c4300,0x0000000087580000)
 Metaspace       used 33860K, capacity 35410K, committed 35496K, reserved 1079296K
  class space    used 4532K, capacity 4844K, committed 4864K, reserved 1048576K
GC Heap History (10 events):
Event: 5.885 GC heap after
Heap after GC invocations=4 (full 1):
 PSYoungGen      total 70656K, used 0K [0x00000000d6700000, 0x00000000df100000, 0x0000000100000000)
  eden space 65536K, 0% used [0x00000000d6700000,0x00000000d6700000,0x00000000da700000)
  from space 5120K, 0% used [0x00000000da700000,0x00000000da700000,0x00000000dac00000)
  to   space 5120K, 0% used [0x00000000dec00000,0x00000000dec00000,0x00000000df100000)
 ParOldGen       total 67072K, used 10013K [0x0000000083400000, 0x0000000087580000, 0x00000000d6700000)
  object space 67072K, 14% used [0x0000000083400000,0x0000000083dc75a0,0x0000000087580000)
 Metaspace       used 20609K, capacity 21238K, committed 21296K, reserved 1067008K
  class space    used 2748K, capacity 2940K, committed 2944K, reserved 1048576K
}
Event: 6.719 GC heap before
{Heap before GC invocations=5 (full 1):
 PSYoungGen      total 70656K, used 65536K [0x00000000d6700000, 0x00000000df100000, 0x0000000100000000)
  eden space 65536K, 100% used [0x00000000d6700000,0x00000000da700000,0x00000000da700000)
  from space 5120K, 0% used [0x00000000da700000,0x00000000da700000,0x00000000dac00000)
  to   space 5120K, 0% used [0x00000000dec00000,0x00000000dec00000,0x00000000df100000)
 ParOldGen       total 67072K, used 10013K [0x0000000083400000, 0x0000000087580000, 0x00000000d6700000)
  object space 67072K, 14% used [0x0000000083400000,0x0000000083dc75a0,0x0000000087580000)
 Metaspace       used 23278K, capacity 24130K, committed 24448K, reserved 1071104K
  class space    used 3115K, capacity 3340K, committed 3456K, reserved 1048576K
Event: 6.733 GC heap after
Heap after GC invocations=5 (full 1):
 PSYoungGen      total 97280K, used 5101K [0x00000000d6700000, 0x00000000df100000, 0x0000000100000000)
  eden space 92160K, 0% used [0x00000000d6700000,0x00000000d6700000,0x00000000dc100000)
  from space 5120K, 99% used [0x00000000dec00000,0x00000000df0fb7d0,0x00000000df100000)
  to   space 5120K, 0% used [0x00000000de700000,0x00000000de700000,0x00000000dec00000)
 ParOldGen       total 67072K, used 11118K [0x0000000083400000, 0x0000000087580000, 0x00000000d6700000)
  object space 67072K, 16% used [0x0000000083400000,0x0000000083edba50,0x0000000087580000)
 Metaspace       used 23278K, capacity 24130K, committed 24448K, reserved 1071104K
  class space    used 3115K, capacity 3340K, committed 3456K, reserved 1048576K
}
Event: 7.593 GC heap before
{Heap before GC invocations=6 (full 1):
 PSYoungGen      total 97280K, used 97261K [0x00000000d6700000, 0x00000000df100000, 0x0000000100000000)
  eden space 92160K, 100% used [0x00000000d6700000,0x00000000dc100000,0x00000000dc100000)
  from space 5120K, 99% used [0x00000000dec00000,0x00000000df0fb7d0,0x00000000df100000)
  to   space 5120K, 0% used [0x00000000de700000,0x00000000de700000,0x00000000dec00000)
 ParOldGen       total 67072K, used 11118K [0x0000000083400000, 0x0000000087580000, 0x00000000d6700000)
  object space 67072K, 16% used [0x0000000083400000,0x0000000083edba50,0x0000000087580000)
 Metaspace       used 25552K, capacity 26640K, committed 26880K, reserved 1073152K
  class space    used 3474K, capacity 3717K, committed 3840K, reserved 1048576K
Event: 7.608 GC heap after
Heap after GC invocations=6 (full 1):
 PSYoungGen      total 131584K, used 5108K [0x00000000d6700000, 0x00000000df780000, 0x0000000100000000)
  eden space 126464K, 0% used [0x00000000d6700000,0x00000000d6700000,0x00000000de280000)
  from space 5120K, 99% used [0x00000000de700000,0x00000000debfd348,0x00000000dec00000)
  to   space 10752K, 0% used [0x00000000ded00000,0x00000000ded00000,0x00000000df780000)
 ParOldGen       total 67072K, used 14440K [0x0000000083400000, 0x0000000087580000, 0x00000000d6700000)
  object space 67072K, 21% used [0x0000000083400000,0x000000008421a1a8,0x0000000087580000)
 Metaspace       used 25552K, capacity 26640K, committed 26880K, reserved 1073152K
  class space    used 3474K, capacity 3717K, committed 3840K, reserved 1048576K
}
Event: 8.717 GC heap before
{Heap before GC invocations=7 (full 1):
 PSYoungGen      total 131584K, used 131572K [0x00000000d6700000, 0x00000000df780000, 0x0000000100000000)
  eden space 126464K, 100% used [0x00000000d6700000,0x00000000de280000,0x00000000de280000)
  from space 5120K, 99% used [0x00000000de700000,0x00000000debfd348,0x00000000dec00000)
  to   space 10752K, 0% used [0x00000000ded00000,0x00000000ded00000,0x00000000df780000)
 ParOldGen       total 67072K, used 14440K [0x0000000083400000, 0x0000000087580000, 0x00000000d6700000)
  object space 67072K, 21% used [0x0000000083400000,0x000000008421a1a8,0x0000000087580000)
 Metaspace       used 31662K, capacity 33206K, committed 33280K, reserved 1077248K
  class space    used 4311K, capacity 4606K, committed 4608K, reserved 1048576K
Event: 8.739 GC heap after
Heap after GC invocations=7 (full 1):
 PSYoungGen      total 132096K, used 10746K [0x00000000d6700000, 0x00000000e2d00000, 0x0000000100000000)
  eden space 121344K, 0% used [0x00000000d6700000,0x00000000d6700000,0x00000000ddd80000)
  from space 10752K, 99% used [0x00000000ded00000,0x00000000df77eb80,0x00000000df780000)
  to   space 15872K, 0% used [0x00000000ddd80000,0x00000000ddd80000,0x00000000ded00000)
 ParOldGen       total 67072K, used 20232K [0x0000000083400000, 0x0000000087580000, 0x00000000d6700000)
  object space 67072K, 30% used [0x0000000083400000,0x00000000847c2300,0x0000000087580000)
 Metaspace       used 31662K, capacity 33206K, committed 33280K, reserved 1077248K
  class space    used 4311K, capacity 4606K, committed 4608K, reserved 1048576K
}
Event: 8.946 GC heap before
{Heap before GC invocations=8 (full 1):
 PSYoungGen      total 132096K, used 27931K [0x00000000d6700000, 0x00000000e2d00000, 0x0000000100000000)
  eden space 121344K, 14% used [0x00000000d6700000,0x00000000d77c83f0,0x00000000ddd80000)
  from space 10752K, 99% used [0x00000000ded00000,0x00000000df77eb80,0x00000000df780000)
  to   space 15872K, 0% used [0x00000000ddd80000,0x00000000ddd80000,0x00000000ded00000)
 ParOldGen       total 67072K, used 20232K [0x0000000083400000, 0x0000000087580000, 0x00000000d6700000)
  object space 67072K, 30% used [0x0000000083400000,0x00000000847c2300,0x0000000087580000)
 Metaspace       used 33860K, capacity 35410K, committed 35496K, reserved 1079296K
  class space    used 4532K, capacity 4844K, committed 4864K, reserved 1048576K
Event: 8.966 GC heap after
Heap after GC invocations=8 (full 1):
 PSYoungGen      total 137216K, used 12679K [0x00000000d6700000, 0x00000000e3580000, 0x0000000100000000)
  eden space 121344K, 0% used [0x00000000d6700000,0x00000000d6700000,0x00000000ddd80000)
  from space 15872K, 79% used [0x00000000ddd80000,0x00000000de9e1c30,0x00000000ded00000)
  to   space 16896K, 0% used [0x00000000e2500000,0x00000000e2500000,0x00000000e3580000)
 ParOldGen       total 67072K, used 20240K [0x0000000083400000, 0x0000000087580000, 0x00000000d6700000)
  object space 67072K, 30% used [0x0000000083400000,0x00000000847c4300,0x0000000087580000)
 Metaspace       used 33860K, capacity 35410K, committed 35496K, reserved 1079296K
  class space    used 4532K, capacity 4844K, committed 4864K, reserved 1048576K
}
Event: 8.966 GC heap before
{Heap before GC invocations=9 (full 2):
 PSYoungGen      total 137216K, used 12679K [0x00000000d6700000, 0x00000000e3580000, 0x0000000100000000)
  eden space 121344K, 0% used [0x00000000d6700000,0x00000000d6700000,0x00000000ddd80000)
  from space 15872K, 79% used [0x00000000ddd80000,0x00000000de9e1c30,0x00000000ded00000)
  to   space 16896K, 0% used [0x00000000e2500000,0x00000000e2500000,0x00000000e3580000)
 ParOldGen       total 67072K, used 20240K [0x0000000083400000, 0x0000000087580000, 0x00000000d6700000)
  object space 67072K, 30% used [0x0000000083400000,0x00000000847c4300,0x0000000087580000)
 Metaspace       used 33860K, capacity 35410K, committed 35496K, reserved 1079296K
  class space    used 4532K, capacity 4844K, committed 4864K, reserved 1048576K

